info @storybook/react v6.4.9
info 
info => Cleaning outputDir: C:\\Users\\emeli\\AppData\\Local\\Temp\\chromatic--17248-VQFVsiYcU4Y0
(node:29188) DeprecationWarning: --static-dir CLI flag is deprecated, see:

https://github.com/storybookjs/storybook/blob/next/MIGRATION.md#deprecated---static-dir-cli-flag
(Use `node --trace-deprecation ...` to show where the warning was created)
info => Loading presets
info => Copying static files: ./public => ./
info => Loading custom manager config
info => Compiling manager..
info => Compiling preview..
info => Loading Webpack configuration from `node_modules\react-scripts`
info => Removing existing JavaScript and TypeScript rules.
info => Modifying Create React App rules.
info => Using default Webpack4 setup
<s> [webpack.Progress] 0% compiling
<s> [webpack.Progress] 10% building 0/0 modules 0 active 
<s> [webpack.Progress] 10% building 0/1 modules 1 active multi C:\Users\emeli\Desktop\storybook\node_modules\@storybook\core-client\dist\esm\globals\polyfills.js C:\Users\emeli\Desktop\storybook\node_modules\@storybook\core-client\dist\esm\globals\globals.js C:\Users\emeli\Desktop\storybook\storybook-init-framework-entry.js C:\Users\emeli\Desktop\storybook\node_modules\@storybook\addon-essentials\node_modules\@storybook\addon-docs\dist\esm\frameworks\common\config.js-generated-config-entry.js C:\Users\emeli\Desktop\storybook\node_modules\@storybook\addon-essentials\node_modules\@storybook\addon-docs\dist\esm\frameworks\react\config.js-generated-config-entry.js C:\Users\emeli\Desktop\storybook\node_modules\@storybook\react\dist\esm\client\preview\config-generated-config-entry.js C:\Users\emeli\Desktop\storybook\node_modules\@storybook\addon-links\dist\esm\preset\addDecorator.js-generated-config-entry.js C:\Users\emeli\Desktop\storybook\node_modules\@storybook\addon-actions\dist\esm\preset\addDecorator.js-generated-config-entry.js C:\Users\emeli\Desktop\storybook\node_modules\@storybook\addon-actions\dist\esm\preset\addArgs.js-generated-config-entry.js C:\Users\emeli\Desktop\storybook\node_modules\@storybook\addon-backgrounds\dist\esm\preset\addDecorator.js-generated-config-entry.js C:\Users\emeli\Desktop\storybook\node_modules\@storybook\addon-backgrounds\dist\esm\preset\addParameter.js-generated-config-entry.js C:\Users\emeli\Desktop\storybook\node_modules\@storybook\addon-measure\dist\esm\preset\addDecorator.js-generated-config-entry.js C:\Users\emeli\Desktop\storybook\node_modules\@storybook\addon-outline\dist\esm\preset\addDecorator.js-generated-config-entry.js C:\Users\emeli\Desktop\storybook\.storybook\preview.js-generated-config-entry.js C:\Users\emeli\Desktop\storybook\generated-stories-entry.js
<s> [webpack.Progress] 10% building 1/1 modules 0 active 
info => Loading custom manager config
<s> [webpack.Progress] 10% building 1/2 modules 1 active C:\Users\emeli\Desktop\storybook\storybook-init-framework-entry.js
<s> [webpack.Progress] 10% building 2/2 modules 0 active 
<s> [webpack.Progress] 10% building 2/3 modules 1 active C:\Users\emeli\Desktop\storybook\generated-stories-entry.js
<s> [webpack.Progress] 10% building 3/3 modules 0 active 
<s> [webpack.Progress] 10% building 3/4 modules 1 active C:\Users\emeli\Desktop\storybook\src sync /^\.(?:(?:^|[\\/]|(?:(?:(?!(?:^|[\\/])\.).)*?)[\\/])(?!\.)(?=.)[^\\/]*?\.stories\.mdx)$/
<s> [webpack.Progress] 10% building 3/5 modules 2 active C:\Users\emeli\Desktop\storybook\src sync /^\.(?:(?:^|[\\/]|(?:(?:(?!(?:^|[\\/])\.).)*?)[\\/])(?!\.)(?=.)[^\\/]*?\.stories\.(js|jsx|ts|tsx))$/
<s> [webpack.Progress] 10% building 3/6 modules 3 active C:\Users\emeli\Desktop\storybook\docs sync nonrecursive /^\.[\\/](?:(?!\.)(?=.)[^\\/]*?\.stories\.mdx)$/
<s> [webpack.Progress] 10% building 4/6 modules 2 active C:\Users\emeli\Desktop\storybook\src sync /^\.(?:(?:^|[\\/]|(?:(?:(?!(?:^|[\\/])\.).)*?)[\\/])(?!\.)(?=.)[^\\/]*?\.stories\.(js|jsx|ts|tsx))$/
<s> [webpack.Progress] 10% building 4/7 modules 3 active C:\Users\emeli\Desktop\storybook\node_modules\react-scripts\node_modules\babel-loader\lib\index.js??ref--9-oneOf-2!C:\Users\emeli\Desktop\storybook\.storybook\preview.js-generated-config-entry.js
<s> [webpack.Progress] 10% building 5/7 modules 2 active C:\Users\emeli\Desktop\storybook\node_modules\react-scripts\node_modules\babel-loader\lib\index.js??ref--9-oneOf-2!C:\Users\emeli\Desktop\storybook\.storybook\preview.js-generated-config-entry.js
<s> [webpack.Progress] 10% building 6/7 modules 1 active C:\Users\emeli\Desktop\storybook\node_modules\react-scripts\node_modules\babel-loader\lib\index.js??ref--9-oneOf-2!C:\Users\emeli\Desktop\storybook\.storybook\preview.js-generated-config-entry.js
<s> [webpack.Progress] 10% building 6/8 modules 2 active C:\Users\emeli\Desktop\storybook\node_modules\@storybook\addon-actions\dist\esm\preset\addDecorator.js-generated-config-entry.js
<s> [webpack.Progress] 10% building 6/9 modules 3 active C:\Users\emeli\Desktop\storybook\node_modules\@storybook\addon-actions\dist\esm\preset\addArgs.js-generated-config-entry.js
<s> [webpack.Progress] 10% building 6/10 modules 4 active C:\Users\emeli\Desktop\storybook\node_modules\@storybook\addon-links\dist\esm\preset\addDecorator.js-generated-config-entry.js
<s> [webpack.Progress] 10% building 6/11 modules 5 active C:\Users\emeli\Desktop\storybook\node_modules\@storybook\addon-outline\dist\esm\preset\addDecorator.js-generated-config-entry.js
<s> [webpack.Progress] 10% building 6/12 modules 6 active C:\Users\emeli\Desktop\storybook\node_modules\@storybook\addon-backgrounds\dist\esm\preset\addDecorator.js-generated-config-entry.js
<s> [webpack.Progress] 10% building 6/13 modules 7 active C:\Users\emeli\Desktop\storybook\node_modules\@storybook\addon-backgrounds\dist\esm\preset\addParameter.js-generated-config-entry.js
<s> [webpack.Progress] 10% building 6/14 modules 8 active C:\Users\emeli\Desktop\storybook\node_modules\@storybook\addon-measure\dist\esm\preset\addDecorator.js-generated-config-entry.js
<s> [webpack.Progress] 10% building 6/15 modules 9 active C:\Users\emeli\Desktop\storybook\node_modules\@storybook\react\dist\esm\client\preview\config-generated-config-entry.js
<s> [webpack.Progress] 10% building 6/16 modules 10 active C:\Users\emeli\Desktop\storybook\node_modules\webpack\buildin\module.js
<s> [webpack.Progress] 10% building 7/16 modules 9 active C:\Users\emeli\Desktop\storybook\node_modules\webpack\buildin\module.js
<s> [webpack.Progress] 10% building 8/16 modules 8 active C:\Users\emeli\Desktop\storybook\node_modules\webpack\buildin\module.js
<s> [webpack.Progress] 11% building 9/16 modules 7 active C:\Users\emeli\Desktop\storybook\node_modules\webpack\buildin\module.js
<s> [webpack.Progress] 11% building 10/16 modules 6 active C:\Users\emeli\Desktop\storybook\node_modules\webpack\buildin\module.js
<s> [webpack.Progress] 11% building 11/16 modules 5 active C:\Users\emeli\Desktop\storybook\node_modules\webpack\buildin\module.js
<s> [webpack.Progress] 11% building 12/16 modules 4 active C:\Users\emeli\Desktop\storybook\node_modules\webpack\buildin\module.js
<s> [webpack.Progress] 11% building 13/16 modules 3 active C:\Users\emeli\Desktop\storybook\node_modules\webpack\buildin\module.js
<s> [webpack.Progress] 11% building 14/16 modules 2 active C:\Users\emeli\Desktop\storybook\node_modules\webpack\buildin\module.js
<s> [webpack.Progress] 11% building 14/17 modules 3 active C:\Users\emeli\Desktop\storybook\node_modules\@storybook\core-client\dist\esm\globals\polyfills.js
<s> [webpack.Progress] 11% building 14/18 modules 4 active C:\Users\emeli\Desktop\storybook\node_modules\@storybook\core-client\dist\esm\globals\globals.js
<s> [webpack.Progress] 11% building 15/18 modules 3 active C:\Users\emeli\Desktop\storybook\node_modules\@storybook\core-client\dist\esm\globals\globals.js
<s> [webpack.Progress] 11% building 15/19 modules 4 active C:\Users\emeli\Desktop\storybook\node_modules\@storybook\addon-actions\dist\esm\preset\addArgs.js
<s> [webpack.Progress] 11% building 15/20 modules 5 active C:\Users\emeli\Desktop\storybook\node_modules\@storybook\addon-actions\dist\esm\preset\addDecorator.js
<s> [webpack.Progress] 11% building 15/21 modules 6 active C:\Users\emeli\Desktop\storybook\node_modules\@storybook\addon-links\dist\esm\preset\addDecorator.js
<s> [webpack.Progress] 11% building 15/22 modules 7 active C:\Users\emeli\Desktop\storybook\node_modules\@storybook\addon-essentials\node_modules\@storybook\addon-docs\dist\esm\frameworks\common\config.js-generated-config-entry.js
<s> [webpack.Progress] 11% building 15/23 modules 8 active C:\Users\emeli\Desktop\storybook\node_modules\@storybook\addon-essentials\node_modules\@storybook\addon-docs\dist\esm\frameworks\react\config.js-generated-config-entry.js
<s> [webpack.Progress] 11% building 16/23 modules 7 active C:\Users\emeli\Desktop\storybook\node_modules\@storybook\addon-essentials\node_modules\@storybook\addon-docs\dist\esm\frameworks\react\config.js-generated-config-entry.js
<s> [webpack.Progress] 12% building 17/23 modules 6 active C:\Users\emeli\Desktop\storybook\node_modules\@storybook\addon-links\dist\esm\preset\addDecorator.js
<s> [webpack.Progress] 12% building 17/24 modules 7 active C:\Users\emeli\Desktop\storybook\node_modules\@storybook\addon-outline\dist\esm\preset\addDecorator.js
<s> [webpack.Progress] 12% building 17/25 modules 8 active C:\Users\emeli\Desktop\storybook\node_modules\@storybook\addon-backgrounds\dist\esm\preset\addDecorator.js
<s> [webpack.Progress] 12% building 17/26 modules 9 active C:\Users\emeli\Desktop\storybook\node_modules\@storybook\addon-backgrounds\dist\esm\preset\addParameter.js
<s> [webpack.Progress] 12% building 17/27 modules 10 active C:\Users\emeli\Desktop\storybook\node_modules\@storybook\addon-measure\dist\esm\preset\addDecorator.js
<s> [webpack.Progress] 12% building 17/28 modules 11 active C:\Users\emeli\Desktop\storybook\node_modules\babel-loader\lib\index.js??ref--5-0!C:\Users\emeli\Desktop\storybook\node_modules\@mdx-js\loader\index.js??ref--5-1!C:\Users\emeli\Desktop\storybook\docs\Develop.stories.mdx
<s> [webpack.Progress] 12% building 17/29 modules 12 active C:\Users\emeli\Desktop\storybook\node_modules\babel-loader\lib\index.js??ref--5-0!C:\Users\emeli\Desktop\storybook\node_modules\@mdx-js\loader\index.js??ref--5-1!C:\Users\emeli\Desktop\storybook\docs\Documentation.stories.mdx
<s> [webpack.Progress] 12% building 17/30 modules 13 active C:\Users\emeli\Desktop\storybook\node_modules\babel-loader\lib\index.js??ref--5-0!C:\Users\emeli\Desktop\storybook\node_modules\@mdx-js\loader\index.js??ref--5-1!C:\Users\emeli\Desktop\storybook\docs\Install.stories.mdx
<s> [webpack.Progress] 12% building 17/31 modules 14 active C:\Users\emeli\Desktop\storybook\node_modules\babel-loader\lib\index.js??ref--5-0!C:\Users\emeli\Desktop\storybook\node_modules\@mdx-js\loader\index.js??ref--5-1!C:\Users\emeli\Desktop\storybook\docs\Intro.stories.mdx
<s> [webpack.Progress] 12% building 17/32 modules 15 active C:\Users\emeli\Desktop\storybook\node_modules\babel-loader\lib\index.js??ref--5-0!C:\Users\emeli\Desktop\storybook\node_modules\@mdx-js\loader\index.js??ref--5-1!C:\Users\emeli\Desktop\storybook\docs\Publish.stories.mdx
<s> [webpack.Progress] 12% building 17/33 modules 16 active C:\Users\emeli\Desktop\storybook\node_modules\babel-loader\lib\index.js??ref--5-0!C:\Users\emeli\Desktop\storybook\node_modules\@mdx-js\loader\index.js??ref--5-1!C:\Users\emeli\Desktop\storybook\docs\Linters.stories.mdx
<s> [webpack.Progress] 12% building 17/34 modules 17 active C:\Users\emeli\Desktop\storybook\node_modules\babel-loader\lib\index.js??ref--5-0!C:\Users\emeli\Desktop\storybook\node_modules\@mdx-js\loader\index.js??ref--5-1!C:\Users\emeli\Desktop\storybook\docs\Style.stories.mdx
<s> [webpack.Progress] 12% building 17/35 modules 18 active C:\Users\emeli\Desktop\storybook\node_modules\babel-loader\lib\index.js??ref--5-0!C:\Users\emeli\Desktop\storybook\node_modules\@mdx-js\loader\index.js??ref--5-1!C:\Users\emeli\Desktop\storybook\docs\Test.stories.mdx
<s> [webpack.Progress] 12% building 17/36 modules 19 active C:\Users\emeli\Desktop\storybook\node_modules\babel-loader\lib\index.js??ref--5-0!C:\Users\emeli\Desktop\storybook\node_modules\@mdx-js\loader\index.js??ref--5-1!C:\Users\emeli\Desktop\storybook\src\lib\Bouton\Bouton.stories.mdx
<s> [webpack.Progress] 12% building 17/37 modules 20 active C:\Users\emeli\Desktop\storybook\node_modules\babel-loader\lib\index.js??ref--5-0!C:\Users\emeli\Desktop\storybook\node_modules\@mdx-js\loader\index.js??ref--5-1!C:\Users\emeli\Desktop\storybook\src\lib\Avatar\Avatar.stories.mdx
<s> [webpack.Progress] 12% building 17/38 modules 21 active C:\Users\emeli\Desktop\storybook\node_modules\babel-loader\lib\index.js??ref--5-0!C:\Users\emeli\Desktop\storybook\node_modules\@mdx-js\loader\index.js??ref--5-1!C:\Users\emeli\Desktop\storybook\src\lib\Breadcrumbs\Breadcrumbs.stories.mdx
<s> [webpack.Progress] 12% building 17/39 modules 22 active C:\Users\emeli\Desktop\storybook\node_modules\babel-loader\lib\index.js??ref--5-0!C:\Users\emeli\Desktop\storybook\node_modules\@mdx-js\loader\index.js??ref--5-1!C:\Users\emeli\Desktop\storybook\src\lib\Header\Header.stories.mdx
<s> [webpack.Progress] 12% building 17/40 modules 23 active C:\Users\emeli\Desktop\storybook\node_modules\babel-loader\lib\index.js??ref--5-0!C:\Users\emeli\Desktop\storybook\node_modules\@mdx-js\loader\index.js??ref--5-1!C:\Users\emeli\Desktop\storybook\src\lib\Checkbox\Checkboite.stories.mdx
<s> [webpack.Progress] 12% building 17/41 modules 24 active C:\Users\emeli\Desktop\storybook\node_modules\babel-loader\lib\index.js??ref--5-0!C:\Users\emeli\Desktop\storybook\node_modules\@mdx-js\loader\index.js??ref--5-1!C:\Users\emeli\Desktop\storybook\src\lib\Link\Link.stories.mdx
<s> [webpack.Progress] 12% building 17/42 modules 25 active C:\Users\emeli\Desktop\storybook\node_modules\babel-loader\lib\index.js??ref--5-0!C:\Users\emeli\Desktop\storybook\node_modules\@mdx-js\loader\index.js??ref--5-1!C:\Users\emeli\Desktop\storybook\src\lib\Spinner\Spinner.stories.mdx
<s> [webpack.Progress] 12% building 17/43 modules 26 active C:\Users\emeli\Desktop\storybook\node_modules\babel-loader\lib\index.js??ref--5-0!C:\Users\emeli\Desktop\storybook\node_modules\@mdx-js\loader\index.js??ref--5-1!C:\Users\emeli\Desktop\storybook\src\lib\Select\Select.stories.mdx
<s> [webpack.Progress] 12% building 17/44 modules 27 active C:\Users\emeli\Desktop\storybook\node_modules\babel-loader\lib\index.js??ref--5-0!C:\Users\emeli\Desktop\storybook\node_modules\@mdx-js\loader\index.js??ref--5-1!C:\Users\emeli\Desktop\storybook\src\lib\Switch\Switched.stories.mdx
<s> [webpack.Progress] 12% building 17/45 modules 28 active C:\Users\emeli\Desktop\storybook\node_modules\babel-loader\lib\index.js??ref--5-0!C:\Users\emeli\Desktop\storybook\node_modules\@mdx-js\loader\index.js??ref--5-1!C:\Users\emeli\Desktop\storybook\src\lib\Text-input\Input.stories.mdx
<s> [webpack.Progress] 12% building 18/45 modules 27 active C:\Users\emeli\Desktop\storybook\node_modules\babel-loader\lib\index.js??ref--5-0!C:\Users\emeli\Desktop\storybook\node_modules\@mdx-js\loader\index.js??ref--5-1!C:\Users\emeli\Desktop\storybook\src\lib\Text-input\Input.stories.mdx
<s> [webpack.Progress] 12% building 19/45 modules 26 active C:\Users\emeli\Desktop\storybook\node_modules\babel-loader\lib\index.js??ref--5-0!C:\Users\emeli\Desktop\storybook\node_modules\@mdx-js\loader\index.js??ref--5-1!C:\Users\emeli\Desktop\storybook\src\lib\Text-input\Input.stories.mdx
<s> [webpack.Progress] 12% building 20/45 modules 25 active C:\Users\emeli\Desktop\storybook\node_modules\babel-loader\lib\index.js??ref--5-0!C:\Users\emeli\Desktop\storybook\node_modules\@mdx-js\loader\index.js??ref--5-1!C:\Users\emeli\Desktop\storybook\src\lib\Text-input\Input.stories.mdx
<s> [webpack.Progress] 12% building 20/46 modules 26 active C:\Users\emeli\Desktop\storybook\node_modules\react-scripts\node_modules\babel-loader\lib\index.js??ref--9-oneOf-2!C:\Users\emeli\Desktop\storybook\.storybook\preview.js
<s> [webpack.Progress] 12% building 20/47 modules 27 active C:\Users\emeli\Desktop\storybook\node_modules\@storybook\addon-essentials\node_modules\@storybook\addon-docs\dist\esm\frameworks\react\config.js
<s> [webpack.Progress] 12% building 20/48 modules 28 active C:\Users\emeli\Desktop\storybook\node_modules\@storybook\addon-essentials\node_modules\@storybook\addon-docs\dist\esm\frameworks\common\config.js
<s> [webpack.Progress] 12% building 21/48 modules 27 active C:\Users\emeli\Desktop\storybook\node_modules\@storybook\addon-essentials\node_modules\@storybook\addon-docs\dist\esm\frameworks\common\config.js
<s> [webpack.Progress] 12% building 22/48 modules 26 active C:\Users\emeli\Desktop\storybook\node_modules\@storybook\addon-essentials\node_modules\@storybook\addon-docs\dist\esm\frameworks\common\config.js
<s> [webpack.Progress] 12% building 23/48 modules 25 active C:\Users\emeli\Desktop\storybook\node_modules\@storybook\addon-essentials\node_modules\@storybook\addon-docs\dist\esm\frameworks\common\config.js
<s> [webpack.Progress] 12% building 24/48 modules 24 active C:\Users\emeli\Desktop\storybook\node_modules\@storybook\addon-essentials\node_modules\@storybook\addon-docs\dist\esm\frameworks\common\config.js
<s> [webpack.Progress] 13% building 25/48 modules 23 active C:\Users\emeli\Desktop\storybook\node_modules\@storybook\addon-essentials\node_modules\@storybook\addon-docs\dist\esm\frameworks\common\config.js
<s> [webpack.Progress] 13% building 26/48 modules 22 active C:\Users\emeli\Desktop\storybook\node_modules\@storybook\addon-essentials\node_modules\@storybook\addon-docs\dist\esm\frameworks\common\config.js
<s> [webpack.Progress] 13% building 27/48 modules 21 active C:\Users\emeli\Desktop\storybook\node_modules\@storybook\addon-essentials\node_modules\@storybook\addon-docs\dist\esm\frameworks\common\config.js
<s> [webpack.Progress] 13% building 28/48 modules 20 active C:\Users\emeli\Desktop\storybook\node_modules\@storybook\addon-essentials\node_modules\@storybook\addon-docs\dist\esm\frameworks\react\config.js
<s> [webpack.Progress] 13% building 29/48 modules 19 active C:\Users\emeli\Desktop\storybook\node_modules\react-scripts\node_modules\babel-loader\lib\index.js??ref--9-oneOf-2!C:\Users\emeli\Desktop\storybook\.storybook\preview.js
<s> [webpack.Progress] 13% building 29/49 modules 20 active C:\Users\emeli\Desktop\storybook\node_modules\@storybook\react\dist\esm\client\preview\config.js
<s> [webpack.Progress] 13% building 30/49 modules 19 active C:\Users\emeli\Desktop\storybook\node_modules\@storybook\react\dist\esm\client\preview\config.js
<s> [webpack.Progress] 13% building 30/50 modules 20 active C:\Users\emeli\Desktop\storybook\node_modules\@storybook\react\dist\esm\client\index.js
<s> [webpack.Progress] 13% building 31/50 modules 19 active C:\Users\emeli\Desktop\storybook\node_modules\@storybook\react\dist\esm\client\index.js
<s> [webpack.Progress] 13% building 32/50 modules 18 active C:\Users\emeli\Desktop\storybook\node_modules\@storybook\react\dist\esm\client\index.js
<s> [webpack.Progress] 13% building 33/50 modules 17 active C:\Users\emeli\Desktop\storybook\node_modules\@storybook\react\dist\esm\client\index.js
<s> [webpack.Progress] 14% building 34/50 modules 16 active C:\Users\emeli\Desktop\storybook\node_modules\@storybook\react\dist\esm\client\index.js
<s> [webpack.Progress] 14% building 35/50 modules 15 active C:\Users\emeli\Desktop\storybook\node_modules\@storybook\react\dist\esm\client\index.js
<s> [webpack.Progress] 14% building 36/50 modules 14 active C:\Users\emeli\Desktop\storybook\node_modules\@storybook\react\dist\esm\client\index.js
<s> [webpack.Progress] 14% building 37/50 modules 13 active C:\Users\emeli\Desktop\storybook\node_modules\@storybook\react\dist\esm\client\index.js
<s> [webpack.Progress] 14% building 38/50 modules 12 active C:\Users\emeli\Desktop\storybook\node_modules\@storybook\react\dist\esm\client\index.js
<s> [webpack.Progress] 14% building 39/50 modules 11 active C:\Users\emeli\Desktop\storybook\node_modules\@storybook\react\dist\esm\client\index.js
<s> [webpack.Progress] 14% building 40/50 modules 10 active C:\Users\emeli\Desktop\storybook\node_modules\@storybook\react\dist\esm\client\index.js
<s> [webpack.Progress] 14% building 41/50 modules 9 active C:\Users\emeli\Desktop\storybook\node_modules\@storybook\react\dist\esm\client\index.js
<s> [webpack.Progress] 15% building 42/50 modules 8 active C:\Users\emeli\Desktop\storybook\node_modules\@storybook\react\dist\esm\client\index.js
<s> [webpack.Progress] 15% building 43/50 modules 7 active C:\Users\emeli\Desktop\storybook\node_modules\@storybook\react\dist\esm\client\index.js
<s> [webpack.Progress] 15% building 44/50 modules 6 active C:\Users\emeli\Desktop\storybook\node_modules\@storybook\react\dist\esm\client\index.js
<s> [webpack.Progress] 15% building 45/50 modules 5 active C:\Users\emeli\Desktop\storybook\node_modules\@storybook\react\dist\esm\client\index.js
<s> [webpack.Progress] 15% building 46/50 modules 4 active C:\Users\emeli\Desktop\storybook\node_modules\@storybook\react\dist\esm\client\index.js
<s> [webpack.Progress] 15% building 47/50 modules 3 active C:\Users\emeli\Desktop\storybook\node_modules\@storybook\react\dist\esm\client\index.js
<s> [webpack.Progress] 15% building 48/50 modules 2 active C:\Users\emeli\Desktop\storybook\node_modules\@storybook\react\dist\esm\client\index.js
<s> [webpack.Progress] 15% building 49/50 modules 1 active C:\Users\emeli\Desktop\storybook\node_modules\@storybook\react\dist\esm\client\index.js
<s> [webpack.Progress] 16% building 50/50 modules 0 active 
<s> [webpack.Progress] 16% building 50/51 modules 1 active C:\Users\emeli\Desktop\storybook\node_modules\@storybook\addon-actions\dist\esm\preset\addArgsHelpers.js
<s> [webpack.Progress] 16% building 50/52 modules 2 active C:\Users\emeli\Desktop\storybook\node_modules\@storybook\addon-actions\dist\esm\index.js
<s> [webpack.Progress] 16% building 50/53 modules 3 active C:\Users\emeli\Desktop\storybook\node_modules\@storybook\addon-outline\dist\esm\withOutline.js
<s> [webpack.Progress] 16% building 50/54 modules 4 active C:\Users\emeli\Desktop\storybook\node_modules\@storybook\addon-links\dist\esm\index.js
<s> [webpack.Progress] 16% building 50/55 modules 5 active C:\Users\emeli\Desktop\storybook\node_modules\@storybook\addon-outline\dist\esm\constants.js
<s> [webpack.Progress] 16% building 50/56 modules 6 active C:\Users\emeli\Desktop\storybook\node_modules\@storybook\addon-measure\dist\esm\withMeasure.js
<s> [webpack.Progress] 16% building 50/57 modules 7 active C:\Users\emeli\Desktop\storybook\node_modules\@storybook\addon-measure\dist\esm\constants.js
<s> [webpack.Progress] 16% building 50/58 modules 8 active C:\Users\emeli\Desktop\storybook\node_modules\@storybook\addon-essentials\node_modules\@storybook\addon-docs\dist\esm\frameworks\common\enhanceArgTypes.js
<s> [webpack.Progress] 16% building 50/59 modules 9 active C:\Users\emeli\Desktop\storybook\node_modules\@storybook\addon-essentials\node_modules\@storybook\addon-docs\dist\esm\frameworks\react\extractArgTypes.js
<s> [webpack.Progress] 16% building 50/60 modules 10 active C:\Users\emeli\Desktop\storybook\node_modules\@storybook\addon-essentials\node_modules\@storybook\addon-docs\dist\esm\frameworks\react\jsxDecorator.js
<s> [webpack.Progress] 16% building 51/60 modules 9 active C:\Users\emeli\Desktop\storybook\node_modules\@storybook\addon-essentials\node_modules\@storybook\addon-docs\dist\esm\frameworks\react\jsxDecorator.js
<s> [webpack.Progress] 16% building 52/60 modules 8 active C:\Users\emeli\Desktop\storybook\node_modules\@storybook\addon-essentials\node_modules\@storybook\addon-docs\dist\esm\frameworks\react\jsxDecorator.js
<s> [webpack.Progress] 16% building 53/60 modules 7 active C:\Users\emeli\Desktop\storybook\node_modules\@storybook\addon-essentials\node_modules\@storybook\addon-docs\dist\esm\frameworks\react\jsxDecorator.js
<s> [webpack.Progress] 16% building 54/60 modules 6 active C:\Users\emeli\Desktop\storybook\node_modules\@storybook\addon-essentials\node_modules\@storybook\addon-docs\dist\esm\frameworks\react\jsxDecorator.js
<s> [webpack.Progress] 16% building 55/60 modules 5 active C:\Users\emeli\Desktop\storybook\node_modules\@storybook\addon-essentials\node_modules\@storybook\addon-docs\dist\esm\frameworks\react\jsxDecorator.js
<s> [webpack.Progress] 16% building 56/60 modules 4 active C:\Users\emeli\Desktop\storybook\node_modules\@storybook\addon-essentials\node_modules\@storybook\addon-docs\dist\esm\frameworks\react\jsxDecorator.js
<s> [webpack.Progress] 16% building 57/60 modules 3 active C:\Users\emeli\Desktop\storybook\node_modules\@storybook\addon-essentials\node_modules\@storybook\addon-docs\dist\esm\frameworks\react\jsxDecorator.js
<s> [webpack.Progress] 16% building 57/61 modules 4 active C:\Users\emeli\Desktop\storybook\node_modules\react-scripts\node_modules\babel-loader\lib\index.js??ref--9-oneOf-2!C:\Users\emeli\Desktop\storybook\src\lib\Bouton\Bouton.js
<s> [webpack.Progress] 16% building 57/62 modules 5 active C:\Users\emeli\Desktop\storybook\node_modules\react-scripts\node_modules\babel-loader\lib\index.js??ref--9-oneOf-2!C:\Users\emeli\Desktop\storybook\src\lib\Avatar\Badge.js
<s> [webpack.Progress] 16% building 57/63 modules 6 active C:\Users\emeli\Desktop\storybook\node_modules\react-scripts\node_modules\babel-loader\lib\index.js??ref--9-oneOf-2!C:\Users\emeli\Desktop\storybook\src\lib\Select\Select.js
<s> [webpack.Progress] 16% building 57/64 modules 7 active C:\Users\emeli\Desktop\storybook\node_modules\react-scripts\node_modules\babel-loader\lib\index.js??ref--9-oneOf-2!C:\Users\emeli\Desktop\storybook\src\lib\Breadcrumbs\Breadcrumbs.js
<s> [webpack.Progress] 16% building 57/65 modules 8 active C:\Users\emeli\Desktop\storybook\node_modules\react-scripts\node_modules\babel-loader\lib\index.js??ref--9-oneOf-2!C:\Users\emeli\Desktop\storybook\src\lib\Link\Link.js
<s> [webpack.Progress] 16% building 57/66 modules 9 active C:\Users\emeli\Desktop\storybook\node_modules\react-scripts\node_modules\babel-loader\lib\index.js??ref--9-oneOf-2!C:\Users\emeli\Desktop\storybook\src\lib\Spinner\Spinner.js
<s> [webpack.Progress] 16% building 57/67 modules 10 active C:\Users\emeli\Desktop\storybook\node_modules\react-scripts\node_modules\babel-loader\lib\index.js??ref--9-oneOf-2!C:\Users\emeli\Desktop\storybook\src\lib\Header\Header.js
<s> [webpack.Progress] 16% building 57/68 modules 11 active C:\Users\emeli\Desktop\storybook\node_modules\react-scripts\node_modules\babel-loader\lib\index.js??ref--9-oneOf-2!C:\Users\emeli\Desktop\storybook\src\lib\Checkbox\Checkboite.js
<s> [webpack.Progress] 16% building 57/69 modules 12 active C:\Users\emeli\Desktop\storybook\node_modules\webpack\buildin\harmony-module.js
<s> [webpack.Progress] 16% building 58/69 modules 11 active C:\Users\emeli\Desktop\storybook\node_modules\webpack\buildin\harmony-module.js
<s> [webpack.Progress] 17% building 59/69 modules 10 active C:\Users\emeli\Desktop\storybook\node_modules\webpack\buildin\harmony-module.js
<s> [webpack.Progress] 17% building 60/69 modules 9 active C:\Users\emeli\Desktop\storybook\node_modules\webpack\buildin\harmony-module.js
<s> [webpack.Progress] 17% building 60/70 modules 10 active C:\Users\emeli\Desktop\storybook\node_modules\regenerator-runtime\runtime.js
<s> [webpack.Progress] 17% building 60/71 modules 11 active C:\Users\emeli\Desktop\storybook\node_modules\@storybook\react\dist\esm\client\preview\render.js
<s> [webpack.Progress] 17% building 60/72 modules 12 active C:\Users\emeli\Desktop\storybook\node_modules\core-js\modules\es.array.slice.js
<s> [webpack.Progress] 17% building 60/73 modules 13 active C:\Users\emeli\Desktop\storybook\node_modules\@storybook\client-api\dist\esm\index.js
<s> [webpack.Progress] 17% building 60/74 modules 14 active C:\Users\emeli\Desktop\storybook\node_modules\global\window.js
<s> [webpack.Progress] 17% building 60/75 modules 15 active C:\Users\emeli\Desktop\storybook\node_modules\airbnb-js-shims\index.js
<s> [webpack.Progress] 17% building 61/75 modules 14 active C:\Users\emeli\Desktop\storybook\node_modules\airbnb-js-shims\index.js
<s> [webpack.Progress] 17% building 62/75 modules 13 active C:\Users\emeli\Desktop\storybook\node_modules\airbnb-js-shims\index.js
<s> [webpack.Progress] 17% building 63/75 modules 12 active C:\Users\emeli\Desktop\storybook\node_modules\airbnb-js-shims\index.js
<s> [webpack.Progress] 17% building 63/76 modules 13 active C:\Users\emeli\Desktop\storybook\node_modules\@storybook\builder-webpack4\node_modules\@storybook\client-logger\dist\esm\index.js
<s> [webpack.Progress] 17% building 64/76 modules 12 active C:\Users\emeli\Desktop\storybook\node_modules\@storybook\builder-webpack4\node_modules\@storybook\client-logger\dist\esm\index.js
<s> [webpack.Progress] 17% building 65/76 modules 11 active C:\Users\emeli\Desktop\storybook\node_modules\@storybook\builder-webpack4\node_modules\@storybook\client-logger\dist\esm\index.js
<s> [webpack.Progress] 17% building 66/76 modules 10 active C:\Users\emeli\Desktop\storybook\node_modules\@storybook\builder-webpack4\node_modules\@storybook\client-logger\dist\esm\index.js
<s> [webpack.Progress] 18% building 67/76 modules 9 active C:\Users\emeli\Desktop\storybook\node_modules\@storybook\builder-webpack4\node_modules\@storybook\client-logger\dist\esm\index.js
<s> [webpack.Progress] 18% building 68/76 modules 8 active C:\Users\emeli\Desktop\storybook\node_modules\@storybook\builder-webpack4\node_modules\@storybook\client-logger\dist\esm\index.js
<s> [webpack.Progress] 18% building 69/76 modules 7 active C:\Users\emeli\Desktop\storybook\node_modules\@storybook\builder-webpack4\node_modules\@storybook\client-logger\dist\esm\index.js
<s> [webpack.Progress] 18% building 70/76 modules 6 active C:\Users\emeli\Desktop\storybook\node_modules\@storybook\builder-webpack4\node_modules\@storybook\client-logger\dist\esm\index.js
<s> [webpack.Progress] 18% building 71/76 modules 5 active C:\Users\emeli\Desktop\storybook\node_modules\@storybook\builder-webpack4\node_modules\@storybook\client-logger\dist\esm\index.js
<s> [webpack.Progress] 18% building 72/76 modules 4 active C:\Users\emeli\Desktop\storybook\node_modules\@storybook\builder-webpack4\node_modules\@storybook\client-logger\dist\esm\index.js
<s> [webpack.Progress] 18% building 73/76 modules 3 active C:\Users\emeli\Desktop\storybook\node_modules\@storybook\builder-webpack4\node_modules\@storybook\client-logger\dist\esm\index.js
<s> [webpack.Progress] 18% building 74/76 modules 2 active C:\Users\emeli\Desktop\storybook\node_modules\@storybook\builder-webpack4\node_modules\@storybook\client-logger\dist\esm\index.js
<s> [webpack.Progress] 18% building 74/77 modules 3 active C:\Users\emeli\Desktop\storybook\node_modules\@storybook\addon-actions\dist\esm\constants.js
<s> [webpack.Progress] 18% building 74/78 modules 4 active C:\Users\emeli\Desktop\storybook\node_modules\@storybook\addon-measure\dist\esm\util.js
<s> [webpack.Progress] 19% building 75/78 modules 3 active C:\Users\emeli\Desktop\storybook\node_modules\@storybook\addon-measure\dist\esm\util.js
<s> [webpack.Progress] 19% building 75/79 modules 4 active C:\Users\emeli\Desktop\storybook\node_modules\core-js\modules\es.promise.js
<s> [webpack.Progress] 19% building 75/80 modules 5 active C:\Users\emeli\Desktop\storybook\node_modules\core-js\modules\es.object.to-string.js
<s> [webpack.Progress] 19% building 75/81 modules 6 active C:\Users\emeli\Desktop\storybook\node_modules\webpack\buildin\global.js
<s> [webpack.Progress] 19% building 75/82 modules 7 active C:\Users\emeli\Desktop\storybook\node_modules\@storybook\addon-backgrounds\dist\esm\decorators\index.js
<s> [webpack.Progress] 19% building 76/82 modules 6 active C:\Users\emeli\Desktop\storybook\node_modules\@storybook\addon-backgrounds\dist\esm\decorators\index.js
<s> [webpack.Progress] 19% building 77/82 modules 5 active C:\Users\emeli\Desktop\storybook\node_modules\@storybook\addon-backgrounds\dist\esm\decorators\index.js
<s> [webpack.Progress] 19% building 77/83 modules 6 active C:\Users\emeli\Desktop\storybook\node_modules\react\index.js
<s> [webpack.Progress] 19% building 78/83 modules 5 active C:\Users\emeli\Desktop\storybook\node_modules\react\index.js
<s> [webpack.Progress] 19% building 78/84 modules 6 active C:\Users\emeli\Desktop\storybook\node_modules\@storybook\addon-essentials\node_modules\@storybook\addon-docs\dist\esm\shared.js
<s> [webpack.Progress] 19% building 79/84 modules 5 active C:\Users\emeli\Desktop\storybook\node_modules\@storybook\addon-essentials\node_modules\@storybook\addon-docs\dist\esm\shared.js
<s> [webpack.Progress] 19% building 80/84 modules 4 active C:\Users\emeli\Desktop\storybook\node_modules\@storybook\addon-essentials\node_modules\@storybook\addon-docs\dist\esm\shared.js
<s> [webpack.Progress] 19% building 80/85 modules 5 active C:\Users\emeli\Desktop\storybook\node_modules\@storybook\addon-essentials\node_modules\@storybook\addon-docs\dist\esm\blocks\index.js
<s> [webpack.Progress] 19% building 81/85 modules 4 active C:\Users\emeli\Desktop\storybook\node_modules\@storybook\addon-essentials\node_modules\@storybook\addon-docs\dist\esm\blocks\index.js
<s> [webpack.Progress] 19% building 81/86 modules 5 active C:\Users\emeli\Desktop\storybook\node_modules\core-js\features\symbol\index.js
<s> [webpack.Progress] 19% building 82/86 modules 4 active C:\Users\emeli\Desktop\storybook\node_modules\core-js\features\symbol\index.js
<s> [webpack.Progress] 19% building 82/87 modules 5 active C:\Users\emeli\Desktop\storybook\node_modules\@mdx-js\react\dist\esm.js
<s> [webpack.Progress] 19% building 82/88 modules 6 active C:\Users\emeli\Desktop\storybook\node_modules\@storybook\addon-essentials\node_modules\@storybook\addon-docs\dist\esm\lib\docgen\index.js
<s> [webpack.Progress] 19% building 83/88 modules 5 active C:\Users\emeli\Desktop\storybook\node_modules\@storybook\addon-essentials\node_modules\@storybook\addon-docs\dist\esm\lib\docgen\index.js
<s> [webpack.Progress] 19% building 83/89 modules 6 active C:\Users\emeli\Desktop\storybook\node_modules\core-js\modules\es.function.name.js
<s> [webpack.Progress] 19% building 83/90 modules 7 active C:\Users\emeli\Desktop\storybook\node_modules\@storybook\client-api\dist\esm\ClientApi.js
<s> [webpack.Progress] 20% building 84/90 modules 6 active C:\Users\emeli\Desktop\storybook\node_modules\@storybook\client-api\dist\esm\ClientApi.js
<s> [webpack.Progress] 20% building 84/91 modules 7 active C:\Users\emeli\Desktop\storybook\node_modules\@babel\runtime\helpers\esm\objectWithoutProperties.js
<s> [webpack.Progress] 20% building 84/92 modules 8 active C:\Users\emeli\Desktop\storybook\node_modules\core-js\modules\es.regexp.constructor.js
<s> [webpack.Progress] 20% building 84/93 modules 9 active C:\Users\emeli\Desktop\storybook\node_modules\@storybook\react\dist\esm\client\preview\index.js
<s> [webpack.Progress] 20% building 85/93 modules 8 active C:\Users\emeli\Desktop\storybook\node_modules\@storybook\react\dist\esm\client\preview\index.js
<s> [webpack.Progress] 20% building 86/93 modules 7 active C:\Users\emeli\Desktop\storybook\node_modules\@storybook\react\dist\esm\client\preview\index.js
<s> [webpack.Progress] 20% building 86/94 modules 8 active C:\Users\emeli\Desktop\storybook\node_modules\core-js\internals\export.js
<s> [webpack.Progress] 20% building 87/94 modules 7 active C:\Users\emeli\Desktop\storybook\node_modules\core-js\internals\export.js
<s> [webpack.Progress] 20% building 87/95 modules 8 active C:\Users\emeli\Desktop\storybook\node_modules\core-js\modules\es.array.concat.js
<s> [webpack.Progress] 20% building 88/95 modules 7 active C:\Users\emeli\Desktop\storybook\node_modules\core-js\modules\es.array.concat.js
<s> [webpack.Progress] 20% building 88/96 modules 8 active C:\Users\emeli\Desktop\storybook\node_modules\airbnb-js-shims\target\es5.js
<s> [webpack.Progress] 20% building 88/97 modules 9 active C:\Users\emeli\Desktop\storybook\node_modules\core-js\modules\es.string.replace.js
<s> [webpack.Progress] 20% building 89/97 modules 8 active C:\Users\emeli\Desktop\storybook\node_modules\core-js\modules\es.string.replace.js
<s> [webpack.Progress] 20% building 89/98 modules 9 active C:\Users\emeli\Desktop\storybook\node_modules\core-js\modules\web.dom-collections.for-each.js
<s> [webpack.Progress] 20% building 89/99 modules 10 active C:\Users\emeli\Desktop\storybook\node_modules\react\cjs\react.production.min.js
<s> [webpack.Progress] 20% building 90/99 modules 9 active C:\Users\emeli\Desktop\storybook\node_modules\react\cjs\react.production.min.js
<s> [webpack.Progress] 20% building 91/99 modules 8 active C:\Users\emeli\Desktop\storybook\node_modules\react\cjs\react.production.min.js
<s> [webpack.Progress] 21% building 92/99 modules 7 active C:\Users\emeli\Desktop\storybook\node_modules\react\cjs\react.production.min.js
<s> [webpack.Progress] 21% building 93/99 modules 6 active C:\Users\emeli\Desktop\storybook\node_modules\react\cjs\react.production.min.js
<s> [webpack.Progress] 21% building 93/100 modules 7 active C:\Users\emeli\Desktop\storybook\node_modules\mini-css-extract-plugin\dist\loader.js??ref--9-oneOf-4-0!C:\Users\emeli\Desktop\storybook\node_modules\react-scripts\node_modules\css-loader\dist\cjs.js??ref--9-oneOf-4-1!C:\Users\emeli\Desktop\storybook\node_modules\react-scripts\node_modules\postcss-loader\src\index.js??postcss!C:\Users\emeli\Desktop\storybook\src\lib\Header\Header.css
<s> [webpack.Progress] 21% building 93/101 modules 8 active C:\Users\emeli\Desktop\storybook\node_modules\mini-css-extract-plugin\dist\loader.js??ref--9-oneOf-4-0!C:\Users\emeli\Desktop\storybook\node_modules\react-scripts\node_modules\css-loader\dist\cjs.js??ref--9-oneOf-4-1!C:\Users\emeli\Desktop\storybook\node_modules\react-scripts\node_modules\postcss-loader\src\index.js??postcss!C:\Users\emeli\Desktop\storybook\src\lib\Checkbox\check.css
<s> [webpack.Progress] 21% building 93/102 modules 9 active C:\Users\emeli\Desktop\storybook\node_modules\mini-css-extract-plugin\dist\loader.js??ref--9-oneOf-4-0!C:\Users\emeli\Desktop\storybook\node_modules\react-scripts\node_modules\css-loader\dist\cjs.js??ref--9-oneOf-4-1!C:\Users\emeli\Desktop\storybook\node_modules\react-scripts\node_modules\postcss-loader\src\index.js??postcss!C:\Users\emeli\Desktop\storybook\src\lib\Avatar\avatar.css
<s> [webpack.Progress] 21% building 93/103 modules 10 active C:\Users\emeli\Desktop\storybook\node_modules\mini-css-extract-plugin\dist\loader.js??ref--9-oneOf-4-0!C:\Users\emeli\Desktop\storybook\node_modules\react-scripts\node_modules\css-loader\dist\cjs.js??ref--9-oneOf-4-1!C:\Users\emeli\Desktop\storybook\node_modules\react-scripts\node_modules\postcss-loader\src\index.js??postcss!C:\Users\emeli\Desktop\storybook\src\lib\Link\Link.css
<s> [webpack.Progress] 21% building 93/104 modules 11 active C:\Users\emeli\Desktop\storybook\node_modules\mini-css-extract-plugin\dist\loader.js??ref--9-oneOf-4-0!C:\Users\emeli\Desktop\storybook\node_modules\react-scripts\node_modules\css-loader\dist\cjs.js??ref--9-oneOf-4-1!C:\Users\emeli\Desktop\storybook\node_modules\react-scripts\node_modules\postcss-loader\src\index.js??postcss!C:\Users\emeli\Desktop\storybook\src\lib\Breadcrumbs\bread.css
<s> [webpack.Progress] 21% building 94/104 modules 10 active C:\Users\emeli\Desktop\storybook\node_modules\mini-css-extract-plugin\dist\loader.js??ref--9-oneOf-4-0!C:\Users\emeli\Desktop\storybook\node_modules\react-scripts\node_modules\css-loader\dist\cjs.js??ref--9-oneOf-4-1!C:\Users\emeli\Desktop\storybook\node_modules\react-scripts\node_modules\postcss-loader\src\index.js??postcss!C:\Users\emeli\Desktop\storybook\src\lib\Breadcrumbs\bread.css
<s> [webpack.Progress] 21% building 94/105 modules 11 active C:\Users\emeli\Desktop\storybook\node_modules\@storybook\client-api\dist\esm\queryparams.js
<s> [webpack.Progress] 21% building 94/106 modules 12 active C:\Users\emeli\Desktop\storybook\node_modules\@storybook\client-api\dist\esm\types.js
<s> [webpack.Progress] 21% building 94/107 modules 13 active C:\Users\emeli\Desktop\storybook\node_modules\react\jsx-runtime.js
<s> [webpack.Progress] 21% building 95/107 modules 12 active C:\Users\emeli\Desktop\storybook\node_modules\react\jsx-runtime.js
<s> [webpack.Progress] 21% building 96/107 modules 11 active C:\Users\emeli\Desktop\storybook\node_modules\react\jsx-runtime.js
<s> [webpack.Progress] 21% building 96/108 modules 12 active C:\Users\emeli\Desktop\storybook\node_modules\@babel\runtime\helpers\esm\objectWithoutPropertiesLoose.js
<s> [webpack.Progress] 21% building 96/109 modules 13 active C:\Users\emeli\Desktop\storybook\node_modules\@storybook\builder-webpack4\node_modules\@storybook\addons\dist\esm\public_api.js
<s> [webpack.Progress] 21% building 97/109 modules 12 active C:\Users\emeli\Desktop\storybook\node_modules\@storybook\builder-webpack4\node_modules\@storybook\addons\dist\esm\public_api.js
<s> [webpack.Progress] 21% building 97/110 modules 13 active C:\Users\emeli\Desktop\storybook\node_modules\core-js\internals\to-string-tag-support.js
<s> [webpack.Progress] 21% building 98/110 modules 12 active C:\Users\emeli\Desktop\storybook\node_modules\core-js\internals\to-string-tag-support.js
<s> [webpack.Progress] 21% building 99/110 modules 11 active C:\Users\emeli\Desktop\storybook\node_modules\core-js\internals\to-string-tag-support.js
<s> [webpack.Progress] 21% building 99/111 modules 12 active C:\Users\emeli\Desktop\storybook\node_modules\core-js\internals\object-to-string.js
<s> [webpack.Progress] 21% building 99/112 modules 13 active C:\Users\emeli\Desktop\storybook\node_modules\@storybook\addon-backgrounds\dist\esm\decorators\withBackground.js
<s> [webpack.Progress] 21% building 99/113 modules 14 active C:\Users\emeli\Desktop\storybook\node_modules\core-js\modules\web.dom-collections.iterator.js
<s> [webpack.Progress] 21% building 99/114 modules 15 active C:\Users\emeli\Desktop\storybook\node_modules\core-js\modules\es.string.iterator.js
<s> [webpack.Progress] 21% building 99/115 modules 16 active C:\Users\emeli\Desktop\storybook\node_modules\core-js\modules\es.symbol.description.js
<s> [webpack.Progress] 21% building 99/116 modules 17 active C:\Users\emeli\Desktop\storybook\node_modules\core-js\modules\es.symbol.iterator.js
<s> [webpack.Progress] 21% building 99/117 modules 18 active C:\Users\emeli\Desktop\storybook\node_modules\core-js\modules\es.array.iterator.js
<s> [webpack.Progress] 21% building 99/118 modules 19 active C:\Users\emeli\Desktop\storybook\node_modules\core-js\modules\es.symbol.js
<s> [webpack.Progress] 21% building 99/119 modules 20 active C:\Users\emeli\Desktop\storybook\node_modules\core-js\modules\es.object.get-prototype-of.js
<s> [webpack.Progress] 21% building 99/120 modules 21 active C:\Users\emeli\Desktop\storybook\node_modules\core-js\modules\es.reflect.construct.js
<s> [webpack.Progress] 21% building 99/121 modules 22 active C:\Users\emeli\Desktop\storybook\node_modules\core-js\internals\engine-v8-version.js
<s> [webpack.Progress] 21% building 99/122 modules 23 active C:\Users\emeli\Desktop\storybook\node_modules\core-js\internals\redefine.js
<s> [webpack.Progress] 21% building 99/123 modules 24 active C:\Users\emeli\Desktop\storybook\node_modules\core-js\internals\engine-is-node.js
<s> [webpack.Progress] 21% building 99/124 modules 25 active C:\Users\emeli\Desktop\storybook\node_modules\core-js\internals\engine-is-browser.js
<s> [webpack.Progress] 21% building 99/125 modules 26 active C:\Users\emeli\Desktop\storybook\node_modules\core-js\internals\well-known-symbol.js
<s> [webpack.Progress] 21% building 99/126 modules 27 active C:\Users\emeli\Desktop\storybook\node_modules\core-js\internals\perform.js
<s> [webpack.Progress] 21% building 99/127 modules 28 active C:\Users\emeli\Desktop\storybook\node_modules\core-js\internals\host-report-errors.js
<s> [webpack.Progress] 21% building 99/128 modules 29 active C:\Users\emeli\Desktop\storybook\node_modules\core-js\internals\internal-state.js
<s> [webpack.Progress] 21% building 99/129 modules 30 active C:\Users\emeli\Desktop\storybook\node_modules\core-js\internals\queue.js
<s> [webpack.Progress] 21% building 99/130 modules 31 active C:\Users\emeli\Desktop\storybook\node_modules\core-js\internals\is-forced.js
<s> [webpack.Progress] 21% building 99/131 modules 32 active C:\Users\emeli\Desktop\storybook\node_modules\core-js\internals\microtask.js
<s> [webpack.Progress] 21% building 99/132 modules 33 active C:\Users\emeli\Desktop\storybook\node_modules\core-js\internals\new-promise-capability.js
<s> [webpack.Progress] 21% building 99/133 modules 34 active C:\Users\emeli\Desktop\storybook\node_modules\@storybook\addon-backgrounds\dist\esm\decorators\withGrid.js
<s> [webpack.Progress] 21% building 99/134 modules 35 active C:\Users\emeli\Desktop\storybook\node_modules\core-js\internals\promise-resolve.js
<s> [webpack.Progress] 21% building 99/135 modules 36 active C:\Users\emeli\Desktop\storybook\node_modules\util-deprecate\browser.js
<s> [webpack.Progress] 21% building 99/136 modules 37 active C:\Users\emeli\Desktop\storybook\node_modules\core-js\internals\task.js
<s> [webpack.Progress] 22% building 100/136 modules 36 active C:\Users\emeli\Desktop\storybook\node_modules\core-js\internals\task.js
<s> [webpack.Progress] 22% building 101/136 modules 35 active C:\Users\emeli\Desktop\storybook\node_modules\core-js\internals\task.js
<s> [webpack.Progress] 22% building 102/136 modules 34 active C:\Users\emeli\Desktop\storybook\node_modules\core-js\internals\task.js
<s> [webpack.Progress] 22% building 102/137 modules 35 active C:\Users\emeli\Desktop\storybook\node_modules\@storybook\store\dist\esm\index.js
<s> [webpack.Progress] 22% building 102/138 modules 36 active C:\Users\emeli\Desktop\storybook\node_modules\core-js\internals\species-constructor.js
<s> [webpack.Progress] 22% building 102/139 modules 37 active C:\Users\emeli\Desktop\storybook\node_modules\core-js\internals\check-correctness-of-iteration.js
<s> [webpack.Progress] 22% building 102/140 modules 38 active C:\Users\emeli\Desktop\storybook\node_modules\ts-dedent\esm\index.js
<s> [webpack.Progress] 22% building 103/140 modules 37 active C:\Users\emeli\Desktop\storybook\node_modules\ts-dedent\esm\index.js
<s> [webpack.Progress] 22% building 104/140 modules 36 active C:\Users\emeli\Desktop\storybook\node_modules\ts-dedent\esm\index.js
<s> [webpack.Progress] 22% building 105/140 modules 35 active C:\Users\emeli\Desktop\storybook\node_modules\ts-dedent\esm\index.js
<s> [webpack.Progress] 22% building 106/140 modules 34 active C:\Users\emeli\Desktop\storybook\node_modules\ts-dedent\esm\index.js
<s> [webpack.Progress] 22% building 106/141 modules 35 active C:\Users\emeli\Desktop\storybook\node_modules\react-dom\index.js
<s> [webpack.Progress] 22% building 107/141 modules 34 active C:\Users\emeli\Desktop\storybook\node_modules\react-dom\index.js
<s> [webpack.Progress] 22% building 108/141 modules 33 active C:\Users\emeli\Desktop\storybook\node_modules\react-dom\index.js
<s> [webpack.Progress] 22% building 108/142 modules 34 active C:\Users\emeli\Desktop\storybook\node_modules\core-js\modules\esnext.symbol.replace-all.js
<s> [webpack.Progress] 23% building 109/142 modules 33 active C:\Users\emeli\Desktop\storybook\node_modules\core-js\modules\esnext.symbol.replace-all.js
<s> [webpack.Progress] 23% building 110/142 modules 32 active C:\Users\emeli\Desktop\storybook\node_modules\core-js\modules\esnext.symbol.replace-all.js
<s> [webpack.Progress] 23% building 111/142 modules 31 active C:\Users\emeli\Desktop\storybook\node_modules\core-js\modules\esnext.symbol.replace-all.js
<s> [webpack.Progress] 23% building 112/142 modules 30 active C:\Users\emeli\Desktop\storybook\node_modules\core-js\modules\esnext.symbol.replace-all.js
<s> [webpack.Progress] 23% building 113/142 modules 29 active C:\Users\emeli\Desktop\storybook\node_modules\core-js\modules\esnext.symbol.replace-all.js
<s> [webpack.Progress] 23% building 114/142 modules 28 active C:\Users\emeli\Desktop\storybook\node_modules\core-js\modules\esnext.symbol.replace-all.js
<s> [webpack.Progress] 23% building 114/143 modules 29 active C:\Users\emeli\Desktop\storybook\node_modules\react\cjs\react-jsx-runtime.production.min.js
<s> [webpack.Progress] 23% building 115/143 modules 28 active C:\Users\emeli\Desktop\storybook\node_modules\react\cjs\react-jsx-runtime.production.min.js
<s> [webpack.Progress] 23% building 116/143 modules 27 active C:\Users\emeli\Desktop\storybook\node_modules\react\cjs\react-jsx-runtime.production.min.js
<s> [webpack.Progress] 24% building 117/143 modules 26 active C:\Users\emeli\Desktop\storybook\node_modules\react\cjs\react-jsx-runtime.production.min.js
<s> [webpack.Progress] 24% building 118/143 modules 25 active C:\Users\emeli\Desktop\storybook\node_modules\react\cjs\react-jsx-runtime.production.min.js
<s> [webpack.Progress] 24% building 119/143 modules 24 active C:\Users\emeli\Desktop\storybook\node_modules\react\cjs\react-jsx-runtime.production.min.js
<s> [webpack.Progress] 24% building 120/143 modules 23 active C:\Users\emeli\Desktop\storybook\node_modules\react\cjs\react-jsx-runtime.production.min.js
<s> [webpack.Progress] 24% building 120/144 modules 24 active C:\Users\emeli\Desktop\storybook\node_modules\core-js\modules\esnext.symbol.pattern-match.js
<s> [webpack.Progress] 24% building 121/144 modules 23 active C:\Users\emeli\Desktop\storybook\node_modules\core-js\modules\esnext.symbol.pattern-match.js
<s> [webpack.Progress] 24% building 122/144 modules 22 active C:\Users\emeli\Desktop\storybook\node_modules\core-js\modules\esnext.symbol.pattern-match.js
<s> [webpack.Progress] 24% building 123/144 modules 21 active C:\Users\emeli\Desktop\storybook\node_modules\core-js\modules\esnext.symbol.pattern-match.js
<s> [webpack.Progress] 24% building 124/144 modules 20 active C:\Users\emeli\Desktop\storybook\node_modules\core-js\modules\esnext.symbol.pattern-match.js
<s> [webpack.Progress] 25% building 125/144 modules 19 active C:\Users\emeli\Desktop\storybook\node_modules\core-js\modules\esnext.symbol.pattern-match.js
<s> [webpack.Progress] 25% building 126/144 modules 18 active C:\Users\emeli\Desktop\storybook\node_modules\core-js\modules\esnext.symbol.pattern-match.js
<s> [webpack.Progress] 25% building 127/144 modules 17 active C:\Users\emeli\Desktop\storybook\node_modules\core-js\modules\esnext.symbol.pattern-match.js
<s> [webpack.Progress] 25% building 128/144 modules 16 active C:\Users\emeli\Desktop\storybook\node_modules\core-js\modules\esnext.symbol.pattern-match.js
<s> [webpack.Progress] 25% building 129/144 modules 15 active C:\Users\emeli\Desktop\storybook\node_modules\core-js\modules\esnext.symbol.pattern-match.js
<s> [webpack.Progress] 25% building 130/144 modules 14 active C:\Users\emeli\Desktop\storybook\node_modules\core-js\modules\esnext.symbol.pattern-match.js
<s> [webpack.Progress] 25% building 130/145 modules 15 active C:\Users\emeli\Desktop\storybook\node_modules\react-element-to-jsx-string\dist\cjs\index.js
<s> [webpack.Progress] 25% building 131/145 modules 14 active C:\Users\emeli\Desktop\storybook\node_modules\react-element-to-jsx-string\dist\cjs\index.js
<s> [webpack.Progress] 25% building 131/146 modules 15 active C:\Users\emeli\Desktop\storybook\node_modules\@storybook\addon-essentials\node_modules\@storybook\addon-docs\dist\esm\lib\docgen\types.js
<s> [webpack.Progress] 25% building 131/147 modules 16 active C:\Users\emeli\Desktop\storybook\node_modules\@storybook\addon-essentials\node_modules\@storybook\addon-docs\dist\esm\frameworks\react\lib\index.js
<s> [webpack.Progress] 25% building 132/147 modules 15 active C:\Users\emeli\Desktop\storybook\node_modules\@storybook\addon-essentials\node_modules\@storybook\addon-docs\dist\esm\frameworks\react\lib\index.js
<s> [webpack.Progress] 25% building 132/148 modules 16 active C:\Users\emeli\Desktop\storybook\node_modules\core-js\internals\descriptors.js
<s> [webpack.Progress] 25% building 133/148 modules 15 active C:\Users\emeli\Desktop\storybook\node_modules\core-js\internals\descriptors.js
<s> [webpack.Progress] 26% building 134/148 modules 14 active C:\Users\emeli\Desktop\storybook\node_modules\core-js\internals\descriptors.js
<s> [webpack.Progress] 26% building 135/148 modules 13 active C:\Users\emeli\Desktop\storybook\node_modules\core-js\internals\descriptors.js
<s> [webpack.Progress] 26% building 136/148 modules 12 active C:\Users\emeli\Desktop\storybook\node_modules\core-js\internals\descriptors.js
<s> [webpack.Progress] 26% building 136/149 modules 13 active C:\Users\emeli\Desktop\storybook\node_modules\core-js\internals\global.js
<s> [webpack.Progress] 26% building 137/149 modules 12 active C:\Users\emeli\Desktop\storybook\node_modules\core-js\internals\global.js
<s> [webpack.Progress] 26% building 137/150 modules 13 active C:\Users\emeli\Desktop\storybook\node_modules\core-js\internals\create-non-enumerable-property.js
<s> [webpack.Progress] 26% building 138/150 modules 12 active C:\Users\emeli\Desktop\storybook\node_modules\core-js\internals\create-non-enumerable-property.js
<s> [webpack.Progress] 26% building 138/151 modules 13 active C:\Users\emeli\Desktop\storybook\node_modules\core-js\internals\set-global.js
<s> [webpack.Progress] 26% building 138/152 modules 14 active C:\Users\emeli\Desktop\storybook\node_modules\core-js\internals\object-get-own-property-descriptor.js
<s> [webpack.Progress] 26% building 138/153 modules 15 active C:\Users\emeli\Desktop\storybook\node_modules\core-js\internals\copy-constructor-properties.js
<s> [webpack.Progress] 26% building 139/153 modules 14 active C:\Users\emeli\Desktop\storybook\node_modules\core-js\internals\copy-constructor-properties.js
<s> [webpack.Progress] 26% building 140/153 modules 13 active C:\Users\emeli\Desktop\storybook\node_modules\core-js\internals\copy-constructor-properties.js
<s> [webpack.Progress] 26% building 140/154 modules 14 active C:\Users\emeli\Desktop\storybook\node_modules\core-js\modules\es.regexp.exec.js
<s> [webpack.Progress] 26% building 140/155 modules 15 active C:\Users\emeli\Desktop\storybook\node_modules\core-js\modules\es.set.js
<s> [webpack.Progress] 26% building 141/155 modules 14 active C:\Users\emeli\Desktop\storybook\node_modules\core-js\modules\es.set.js
<s> [webpack.Progress] 27% building 142/155 modules 13 active C:\Users\emeli\Desktop\storybook\node_modules\core-js\modules\es.set.js
<s> [webpack.Progress] 27% building 142/156 modules 14 active C:\Users\emeli\Desktop\storybook\node_modules\airbnb-js-shims\target\es2015.js
<s> [webpack.Progress] 27% building 143/156 modules 13 active C:\Users\emeli\Desktop\storybook\node_modules\airbnb-js-shims\target\es2015.js
<s> [webpack.Progress] 27% building 143/157 modules 14 active C:\Users\emeli\Desktop\storybook\node_modules\core-js\internals\function-apply.js
<s> [webpack.Progress] 27% building 143/158 modules 15 active C:\Users\emeli\Desktop\storybook\node_modules\antd\es\index.js
<s> [webpack.Progress] 27% building 143/159 modules 16 active C:\Users\emeli\Desktop\storybook\node_modules\@material-ui\core\index.js
<s> [webpack.Progress] 27% building 143/160 modules 17 active C:\Users\emeli\Desktop\storybook\node_modules\core-js\internals\array-for-each.js
<s> [webpack.Progress] 27% building 143/161 modules 18 active C:\Users\emeli\Desktop\storybook\node_modules\core-js\internals\dom-iterables.js
<s> [webpack.Progress] 27% building 143/162 modules 19 active C:\Users\emeli\Desktop\storybook\node_modules\core-js\internals\dom-token-list-prototype.js
<s> [webpack.Progress] 27% building 143/163 modules 20 active C:\Users\emeli\Desktop\storybook\node_modules\core-js\internals\regexp-exec-abstract.js
<s> [webpack.Progress] 27% building 144/163 modules 19 active C:\Users\emeli\Desktop\storybook\node_modules\core-js\internals\regexp-exec-abstract.js
<s> [webpack.Progress] 27% building 145/163 modules 18 active C:\Users\emeli\Desktop\storybook\node_modules\core-js\internals\regexp-exec-abstract.js
<s> [webpack.Progress] 27% building 146/163 modules 17 active C:\Users\emeli\Desktop\storybook\node_modules\core-js\internals\regexp-exec-abstract.js
<s> [webpack.Progress] 27% building 147/163 modules 16 active C:\Users\emeli\Desktop\storybook\node_modules\core-js\internals\regexp-exec-abstract.js
<s> [webpack.Progress] 27% building 148/163 modules 15 active C:\Users\emeli\Desktop\storybook\node_modules\core-js\internals\regexp-exec-abstract.js
<s> [webpack.Progress] 27% building 149/163 modules 14 active C:\Users\emeli\Desktop\storybook\node_modules\core-js\internals\regexp-exec-abstract.js
<s> [webpack.Progress] 28% building 150/163 modules 13 active C:\Users\emeli\Desktop\storybook\node_modules\core-js\internals\regexp-exec-abstract.js
<s> [webpack.Progress] 28% building 150/164 modules 14 active C:\Users\emeli\Desktop\storybook\node_modules\react-dom\cjs\react-dom.production.min.js
<s> [webpack.Progress] 28% building 151/164 modules 13 active C:\Users\emeli\Desktop\storybook\node_modules\react-dom\cjs\react-dom.production.min.js
<s> [webpack.Progress] 28% building 151/165 modules 14 active css C:\Users\emeli\Desktop\storybook\node_modules\react-scripts\node_modules\css-loader\dist\cjs.js??ref--9-oneOf-4-1!C:\Users\emeli\Desktop\storybook\node_modules\react-scripts\node_modules\postcss-loader\src\index.js??postcss!C:\Users\emeli\Desktop\storybook\src\lib\Header\Header.css 0
<s> [webpack.Progress] 28% building 152/165 modules 13 active C:\Users\emeli\Desktop\storybook\node_modules\react-dom\cjs\react-dom.production.min.js
<s> [webpack.Progress] 28% building 153/165 modules 12 active C:\Users\emeli\Desktop\storybook\node_modules\react-dom\cjs\react-dom.production.min.js
<s> [webpack.Progress] 28% building 153/166 modules 13 active css C:\Users\emeli\Desktop\storybook\node_modules\react-scripts\node_modules\css-loader\dist\cjs.js??ref--9-oneOf-4-1!C:\Users\emeli\Desktop\storybook\node_modules\react-scripts\node_modules\postcss-loader\src\index.js??postcss!C:\Users\emeli\Desktop\storybook\src\lib\Link\Link.css 0
<s> [webpack.Progress] 28% building 154/166 modules 12 active C:\Users\emeli\Desktop\storybook\node_modules\react-dom\cjs\react-dom.production.min.js
<s> [webpack.Progress] 28% building 155/166 modules 11 active C:\Users\emeli\Desktop\storybook\node_modules\react-dom\cjs\react-dom.production.min.js
<s> [webpack.Progress] 28% building 155/167 modules 12 active css C:\Users\emeli\Desktop\storybook\node_modules\react-scripts\node_modules\css-loader\dist\cjs.js??ref--9-oneOf-4-1!C:\Users\emeli\Desktop\storybook\node_modules\react-scripts\node_modules\postcss-loader\src\index.js??postcss!C:\Users\emeli\Desktop\storybook\node_modules\antd\dist\antd.css 0
<s> [webpack.Progress] 28% building 156/167 modules 11 active C:\Users\emeli\Desktop\storybook\node_modules\react-dom\cjs\react-dom.production.min.js
<s> [webpack.Progress] 28% building 156/168 modules 12 active css C:\Users\emeli\Desktop\storybook\node_modules\react-scripts\node_modules\css-loader\dist\cjs.js??ref--9-oneOf-4-1!C:\Users\emeli\Desktop\storybook\node_modules\react-scripts\node_modules\postcss-loader\src\index.js??postcss!C:\Users\emeli\Desktop\storybook\src\lib\Avatar\avatar.css 0
<s> [webpack.Progress] 28% building 157/168 modules 11 active C:\Users\emeli\Desktop\storybook\node_modules\react-dom\cjs\react-dom.production.min.js
<s> [webpack.Progress] 28% building 158/168 modules 10 active C:\Users\emeli\Desktop\storybook\node_modules\react-dom\cjs\react-dom.production.min.js
<s> [webpack.Progress] 28% building 158/169 modules 11 active css C:\Users\emeli\Desktop\storybook\node_modules\react-scripts\node_modules\css-loader\dist\cjs.js??ref--9-oneOf-4-1!C:\Users\emeli\Desktop\storybook\node_modules\react-scripts\node_modules\postcss-loader\src\index.js??postcss!C:\Users\emeli\Desktop\storybook\src\lib\Checkbox\check.css 0
<s> [webpack.Progress] 29% building 159/169 modules 10 active C:\Users\emeli\Desktop\storybook\node_modules\react-dom\cjs\react-dom.production.min.js
<s> [webpack.Progress] 29% building 160/169 modules 9 active C:\Users\emeli\Desktop\storybook\node_modules\react-dom\cjs\react-dom.production.min.js
<s> [webpack.Progress] 29% building 160/170 modules 10 active css C:\Users\emeli\Desktop\storybook\node_modules\react-scripts\node_modules\css-loader\dist\cjs.js??ref--9-oneOf-4-1!C:\Users\emeli\Desktop\storybook\node_modules\react-scripts\node_modules\postcss-loader\src\index.js??postcss!C:\Users\emeli\Desktop\storybook\src\lib\Breadcrumbs\bread.css 0
<s> [webpack.Progress] 29% building 161/170 modules 9 active C:\Users\emeli\Desktop\storybook\node_modules\react-dom\cjs\react-dom.production.min.js
<s> [webpack.Progress] 29% building 161/171 modules 10 active C:\Users\emeli\Desktop\storybook\node_modules\@ant-design\icons\es\index.js
<s> [webpack.Progress] 29% building 161/172 modules 11 active C:\Users\emeli\Desktop\storybook\node_modules\es5-shim\es5-sham.js
<s> [webpack.Progress] 29% building 161/173 modules 12 active C:\Users\emeli\Desktop\storybook\node_modules\@storybook\builder-webpack4\node_modules\@storybook\addons\dist\esm\index.js
<s> [webpack.Progress] 29% building 162/173 modules 11 active C:\Users\emeli\Desktop\storybook\node_modules\@storybook\builder-webpack4\node_modules\@storybook\addons\dist\esm\index.js
<s> [webpack.Progress] 29% building 163/173 modules 10 active C:\Users\emeli\Desktop\storybook\node_modules\@storybook\builder-webpack4\node_modules\@storybook\addons\dist\esm\index.js
<s> [webpack.Progress] 29% building 163/174 modules 11 active C:\Users\emeli\Desktop\storybook\node_modules\@storybook\builder-webpack4\node_modules\@storybook\addons\dist\esm\hooks.js
<s> [webpack.Progress] 29% building 163/175 modules 12 active C:\Users\emeli\Desktop\storybook\node_modules\core-js\internals\classof.js
<s> [webpack.Progress] 29% building 163/176 modules 13 active C:\Users\emeli\Desktop\storybook\node_modules\core-js\internals\define-well-known-symbol.js
<s> [webpack.Progress] 29% building 163/177 modules 14 active C:\Users\emeli\Desktop\storybook\node_modules\core-js\internals\string-multibyte.js
<s> [webpack.Progress] 29% building 163/178 modules 15 active C:\Users\emeli\Desktop\storybook\node_modules\core-js\internals\to-indexed-object.js
<s> [webpack.Progress] 29% building 163/179 modules 16 active C:\Users\emeli\Desktop\storybook\node_modules\core-js\internals\array-iteration.js
<s> [webpack.Progress] 29% building 164/179 modules 15 active C:\Users\emeli\Desktop\storybook\node_modules\core-js\internals\array-iteration.js
<s> [webpack.Progress] 29% building 164/180 modules 16 active C:\Users\emeli\Desktop\storybook\node_modules\core-js\internals\correct-prototype-getter.js
<s> [webpack.Progress] 29% building 165/180 modules 15 active C:\Users\emeli\Desktop\storybook\node_modules\core-js\internals\correct-prototype-getter.js
<s> [webpack.Progress] 29% building 165/181 modules 16 active C:\Users\emeli\Desktop\storybook\node_modules\core-js\internals\fails.js
<s> [webpack.Progress] 29% building 166/181 modules 15 active C:\Users\emeli\Desktop\storybook\node_modules\core-js\internals\fails.js
<s> [webpack.Progress] 30% building 167/181 modules 14 active C:\Users\emeli\Desktop\storybook\node_modules\core-js\internals\fails.js
<s> [webpack.Progress] 30% building 168/181 modules 13 active C:\Users\emeli\Desktop\storybook\node_modules\core-js\internals\fails.js
<s> [webpack.Progress] 30% building 169/181 modules 12 active C:\Users\emeli\Desktop\storybook\node_modules\core-js\internals\fails.js
<s> [webpack.Progress] 30% building 169/182 modules 13 active C:\Users\emeli\Desktop\storybook\node_modules\core-js\internals\classof-raw.js
<s> [webpack.Progress] 30% building 169/183 modules 14 active C:\Users\emeli\Desktop\storybook\node_modules\core-js\internals\native-symbol.js
<s> [webpack.Progress] 30% building 169/184 modules 15 active C:\Users\emeli\Desktop\storybook\node_modules\core-js\internals\use-symbol-as-uid.js
<s> [webpack.Progress] 30% building 169/185 modules 16 active C:\Users\emeli\Desktop\storybook\node_modules\core-js\internals\uid.js
<s> [webpack.Progress] 30% building 169/186 modules 17 active C:\Users\emeli\Desktop\storybook\node_modules\core-js\internals\a-callable.js
<s> [webpack.Progress] 30% building 169/187 modules 18 active C:\Users\emeli\Desktop\storybook\node_modules\core-js\internals\an-object.js
<s> [webpack.Progress] 30% building 169/188 modules 19 active C:\Users\emeli\Desktop\storybook\node_modules\core-js\internals\native-weak-map.js
<s> [webpack.Progress] 30% building 169/189 modules 20 active C:\Users\emeli\Desktop\storybook\node_modules\@storybook\addon-backgrounds\dist\esm\constants.js
<s> [webpack.Progress] 30% building 170/189 modules 19 active C:\Users\emeli\Desktop\storybook\node_modules\@storybook\addon-backgrounds\dist\esm\constants.js
<s> [webpack.Progress] 30% building 170/190 modules 20 active C:\Users\emeli\Desktop\storybook\node_modules\@storybook\store\dist\esm\StoryStore.js
<s> [webpack.Progress] 30% building 170/191 modules 21 active C:\Users\emeli\Desktop\storybook\node_modules\@storybook\store\dist\esm\sortStories.js
<s> [webpack.Progress] 30% building 171/191 modules 20 active C:\Users\emeli\Desktop\storybook\node_modules\@storybook\store\dist\esm\sortStories.js
<s> [webpack.Progress] 30% building 172/191 modules 19 active C:\Users\emeli\Desktop\storybook\node_modules\@storybook\store\dist\esm\sortStories.js
<s> [webpack.Progress] 30% building 172/192 modules 20 active C:\Users\emeli\Desktop\storybook\node_modules\core-js\internals\a-constructor.js
<s> [webpack.Progress] 30% building 172/193 modules 21 active C:\Users\emeli\Desktop\storybook\node_modules\@storybook\store\dist\esm\autoTitle.js
<s> [webpack.Progress] 30% building 172/194 modules 22 active C:\Users\emeli\Desktop\storybook\node_modules\@storybook\store\dist\esm\args.js
<s> [webpack.Progress] 30% building 173/194 modules 21 active C:\Users\emeli\Desktop\storybook\node_modules\@storybook\store\dist\esm\args.js
<s> [webpack.Progress] 30% building 173/195 modules 22 active C:\Users\emeli\Desktop\storybook\node_modules\core-js\modules\es.string.search.js
<s> [webpack.Progress] 30% building 174/195 modules 21 active C:\Users\emeli\Desktop\storybook\node_modules\core-js\modules\es.string.search.js
<s> [webpack.Progress] 31% building 175/195 modules 20 active C:\Users\emeli\Desktop\storybook\node_modules\core-js\modules\es.string.search.js
<s> [webpack.Progress] 31% building 175/196 modules 21 active C:\Users\emeli\Desktop\storybook\node_modules\@storybook\store\dist\esm\decorators.js
<s> [webpack.Progress] 31% building 175/197 modules 22 active C:\Users\emeli\Desktop\storybook\node_modules\@storybook\store\dist\esm\filterArgTypes.js
<s> [webpack.Progress] 31% building 175/198 modules 23 active C:\Users\emeli\Desktop\storybook\node_modules\@storybook\store\dist\esm\types.js
<s> [webpack.Progress] 31% building 175/199 modules 24 active C:\Users\emeli\Desktop\storybook\node_modules\@storybook\store\dist\esm\inferControls.js
<s> [webpack.Progress] 31% building 175/200 modules 25 active C:\Users\emeli\Desktop\storybook\node_modules\@storybook\store\dist\esm\hooks.js
<s> [webpack.Progress] 31% building 175/201 modules 26 active C:\Users\emeli\Desktop\storybook\node_modules\@storybook\store\dist\esm\normalizeInputTypes.js
<s> [webpack.Progress] 31% building 175/202 modules 27 active C:\Users\emeli\Desktop\storybook\node_modules\core-js\internals\engine-is-ios.js
<s> [webpack.Progress] 31% building 175/203 modules 28 active C:\Users\emeli\Desktop\storybook\node_modules\@storybook\store\dist\esm\parameters.js
<s> [webpack.Progress] 31% building 176/203 modules 27 active C:\Users\emeli\Desktop\storybook\node_modules\@storybook\store\dist\esm\parameters.js
<s> [webpack.Progress] 31% building 177/203 modules 26 active C:\Users\emeli\Desktop\storybook\node_modules\@storybook\store\dist\esm\parameters.js
<s> [webpack.Progress] 31% building 178/203 modules 25 active C:\Users\emeli\Desktop\storybook\node_modules\@storybook\store\dist\esm\parameters.js
<s> [webpack.Progress] 31% building 179/203 modules 24 active C:\Users\emeli\Desktop\storybook\node_modules\@storybook\store\dist\esm\parameters.js
<s> [webpack.Progress] 31% building 180/203 modules 23 active C:\Users\emeli\Desktop\storybook\node_modules\@storybook\store\dist\esm\parameters.js
<s> [webpack.Progress] 31% building 180/204 modules 24 active C:\Users\emeli\Desktop\storybook\node_modules\core-js\internals\document-create-element.js
<s> [webpack.Progress] 31% building 181/204 modules 23 active C:\Users\emeli\Desktop\storybook\node_modules\core-js\internals\document-create-element.js
<s> [webpack.Progress] 31% building 181/205 modules 24 active C:\Users\emeli\Desktop\storybook\node_modules\core-js\internals\array-slice.js
<s> [webpack.Progress] 31% building 182/205 modules 23 active C:\Users\emeli\Desktop\storybook\node_modules\core-js\internals\array-slice.js
<s> [webpack.Progress] 31% building 183/205 modules 22 active C:\Users\emeli\Desktop\storybook\node_modules\core-js\internals\array-slice.js
<s> [webpack.Progress] 32% building 184/205 modules 21 active C:\Users\emeli\Desktop\storybook\node_modules\core-js\internals\array-slice.js
<s> [webpack.Progress] 32% building 185/205 modules 20 active C:\Users\emeli\Desktop\storybook\node_modules\core-js\internals\array-slice.js
<s> [webpack.Progress] 32% building 186/205 modules 19 active C:\Users\emeli\Desktop\storybook\node_modules\core-js\internals\array-slice.js
<s> [webpack.Progress] 32% building 187/205 modules 18 active C:\Users\emeli\Desktop\storybook\node_modules\core-js\internals\array-slice.js
<s> [webpack.Progress] 32% building 188/205 modules 17 active C:\Users\emeli\Desktop\storybook\node_modules\core-js\internals\array-slice.js
<s> [webpack.Progress] 32% building 189/205 modules 16 active C:\Users\emeli\Desktop\storybook\node_modules\core-js\internals\array-slice.js
<s> [webpack.Progress] 32% building 189/206 modules 17 active C:\Users\emeli\Desktop\storybook\node_modules\core-js\internals\has-own-property.js
<s> [webpack.Progress] 32% building 189/207 modules 18 active C:\Users\emeli\Desktop\storybook\node_modules\core-js\internals\html.js
<s> [webpack.Progress] 32% building 189/208 modules 19 active C:\Users\emeli\Desktop\storybook\node_modules\core-js\internals\is-callable.js
<s> [webpack.Progress] 32% building 189/209 modules 20 active C:\Users\emeli\Desktop\storybook\node_modules\core-js\internals\function-bind-context.js
<s> [webpack.Progress] 32% building 189/210 modules 21 active C:\Users\emeli\Desktop\storybook\node_modules\@storybook\components\dist\esm\index.js
<s> [webpack.Progress] 32% building 189/211 modules 22 active C:\Users\emeli\Desktop\storybook\node_modules\@storybook\addon-essentials\node_modules\@storybook\addon-docs\dist\esm\frameworks\react\lib\captions.js
<s> [webpack.Progress] 32% building 190/211 modules 21 active C:\Users\emeli\Desktop\storybook\node_modules\@storybook\addon-essentials\node_modules\@storybook\addon-docs\dist\esm\frameworks\react\lib\captions.js
<s> [webpack.Progress] 32% building 191/211 modules 20 active C:\Users\emeli\Desktop\storybook\node_modules\@storybook\addon-essentials\node_modules\@storybook\addon-docs\dist\esm\frameworks\react\lib\captions.js
<s> [webpack.Progress] 70% building 191/211 modules 20 active C:\Users\emeli\Desktop\storybook\node_modules\@storybook\addon-essentials\node_modules\@storybook\addon-docs\dist\esm\frameworks\react\lib\captions.js
ERR! => Failed to build the preview
ERR! .\docs\Documentation.stories.mdx
ERR! Cannot find module: '@storybook/addon-docs'. Make sure this package is installed.
ERR! 
ERR! You can install this package by running: yarn add @storybook/addon-docs.
ERR! ModuleNotFoundError: Module not found: Error: Can't resolve '@storybook/addon-docs' in 'C:\Users\emeli\Desktop\storybook\docs'
ERR!     at C:\Users\emeli\Desktop\storybook\node_modules\webpack\lib\Compilation.js:925:10
ERR!     at C:\Users\emeli\Desktop\storybook\node_modules\webpack\lib\NormalModuleFactory.js:401:22
ERR!     at C:\Users\emeli\Desktop\storybook\node_modules\webpack\lib\NormalModuleFactory.js:130:21
ERR!     at C:\Users\emeli\Desktop\storybook\node_modules\webpack\lib\NormalModuleFactory.js:224:22
ERR!     at C:\Users\emeli\Desktop\storybook\node_modules\neo-async\async.js:2830:7
ERR!     at C:\Users\emeli\Desktop\storybook\node_modules\neo-async\async.js:6877:13
ERR!     at C:\Users\emeli\Desktop\storybook\node_modules\webpack\lib\NormalModuleFactory.js:214:25
ERR!     at C:\Users\emeli\Desktop\storybook\node_modules\enhanced-resolve\lib\Resolver.js:213:14
ERR!     at C:\Users\emeli\Desktop\storybook\node_modules\enhanced-resolve\lib\Resolver.js:285:5
ERR!     at eval (eval at create (C:\Users\emeli\Desktop\storybook\node_modules\tapable\lib\HookCodeFactory.js:33:10), <anonymous>:15:1)
ERR!     at C:\Users\emeli\Desktop\storybook\node_modules\enhanced-resolve\lib\UnsafeCachePlugin.js:44:7
ERR!     at C:\Users\emeli\Desktop\storybook\node_modules\enhanced-resolve\lib\Resolver.js:285:5
ERR!     at eval (eval at create (C:\Users\emeli\Desktop\storybook\node_modules\tapable\lib\HookCodeFactory.js:33:10), <anonymous>:15:1)
ERR!     at C:\Users\emeli\Desktop\storybook\node_modules\enhanced-resolve\lib\Resolver.js:285:5
ERR!     at eval (eval at create (C:\Users\emeli\Desktop\storybook\node_modules\tapable\lib\HookCodeFactory.js:33:10), <anonymous>:27:1)
ERR!     at C:\Users\emeli\Desktop\storybook\node_modules\enhanced-resolve\lib\DescriptionFilePlugin.js:67:43
ERR!  ModuleNotFoundError: Module not found: Error: Can't resolve '@storybook/addon-docs' in 'C:\Users\emeli\Desktop\storybook\docs'
ERR!     at C:\Users\emeli\Desktop\storybook\node_modules\webpack\lib\Compilation.js:925:10
ERR!     at C:\Users\emeli\Desktop\storybook\node_modules\webpack\lib\NormalModuleFactory.js:401:22
ERR!     at C:\Users\emeli\Desktop\storybook\node_modules\webpack\lib\NormalModuleFactory.js:130:21
ERR!     at C:\Users\emeli\Desktop\storybook\node_modules\webpack\lib\NormalModuleFactory.js:224:22
ERR!     at C:\Users\emeli\Desktop\storybook\node_modules\neo-async\async.js:2830:7
ERR!     at C:\Users\emeli\Desktop\storybook\node_modules\neo-async\async.js:6877:13
ERR!     at C:\Users\emeli\Desktop\storybook\node_modules\webpack\lib\NormalModuleFactory.js:214:25
ERR!     at C:\Users\emeli\Desktop\storybook\node_modules\enhanced-resolve\lib\Resolver.js:213:14
ERR!     at C:\Users\emeli\Desktop\storybook\node_modules\enhanced-resolve\lib\Resolver.js:285:5
ERR!     at eval (eval at create (C:\Users\emeli\Desktop\storybook\node_modules\tapable\lib\HookCodeFactory.js:33:10), <anonymous>:15:1)
ERR!     at C:\Users\emeli\Desktop\storybook\node_modules\enhanced-resolve\lib\UnsafeCachePlugin.js:44:7
ERR!     at C:\Users\emeli\Desktop\storybook\node_modules\enhanced-resolve\lib\Resolver.js:285:5
ERR!     at eval (eval at create (C:\Users\emeli\Desktop\storybook\node_modules\tapable\lib\HookCodeFactory.js:33:10), <anonymous>:15:1)
ERR!     at C:\Users\emeli\Desktop\storybook\node_modules\enhanced-resolve\lib\Resolver.js:285:5
ERR!     at eval (eval at create (C:\Users\emeli\Desktop\storybook\node_modules\tapable\lib\HookCodeFactory.js:33:10), <anonymous>:27:1)
ERR!     at C:\Users\emeli\Desktop\storybook\node_modules\enhanced-resolve\lib\DescriptionFilePlugin.js:67:43
ERR! resolve '@storybook/addon-docs' in 'C:\Users\emeli\Desktop\storybook\docs'
ERR!   Parsed request is a module
ERR!   using description file: C:\Users\emeli\Desktop\storybook\package.json (relative path: ./docs)
ERR!     Field 'browser' doesn't contain a valid alias configuration
ERR!     resolve as module
ERR!       C:\Users\emeli\Desktop\storybook\docs\node_modules doesn't exist or is not a directory
ERR!       C:\Users\emeli\Desktop\node_modules doesn't exist or is not a directory
ERR!       C:\Users\node_modules doesn't exist or is not a directory
ERR!       C:\node_modules doesn't exist or is not a directory
ERR!       looking for modules in C:\Users\emeli\Desktop\storybook\node_modules
ERR!         using description file: C:\Users\emeli\Desktop\storybook\package.json (relative path: ./node_modules)
ERR!           Field 'browser' doesn't contain a valid alias configuration
ERR!       looking for modules in C:\Users\emeli\node_modules
ERR!         using description file: C:\Users\emeli\package.json (relative path: ./node_modules)
ERR!           Field 'browser' doesn't contain a valid alias configuration
ERR!           using description file: C:\Users\emeli\Desktop\storybook\package.json (relative path: ./node_modules/@storybook/addon-docs)
ERR!             no extension
ERR!               Field 'browser' doesn't contain a valid alias configuration
ERR!           using description file: C:\Users\emeli\package.json (relative path: ./node_modules/@storybook/addon-docs)
ERR!             no extension
ERR!               Field 'browser' doesn't contain a valid alias configuration
ERR!               C:\Users\emeli\Desktop\storybook\node_modules\@storybook\addon-docs doesn't exist
ERR!             .web.mjs
ERR!               Field 'browser' doesn't contain a valid alias configuration
ERR!               C:\Users\emeli\node_modules\@storybook\addon-docs doesn't exist
ERR!             .web.mjs
ERR!               Field 'browser' doesn't contain a valid alias configuration
ERR!               C:\Users\emeli\Desktop\storybook\node_modules\@storybook\addon-docs.web.mjs doesn't exist
ERR!             .mjs
ERR!               Field 'browser' doesn't contain a valid alias configuration
ERR!               C:\Users\emeli\node_modules\@storybook\addon-docs.web.mjs doesn't exist
ERR!             .mjs
ERR!               Field 'browser' doesn't contain a valid alias configuration
ERR!               C:\Users\emeli\Desktop\storybook\node_modules\@storybook\addon-docs.mjs doesn't exist
ERR!             .web.js
ERR!               Field 'browser' doesn't contain a valid alias configuration
ERR!               C:\Users\emeli\node_modules\@storybook\addon-docs.mjs doesn't exist
ERR!             .web.js
ERR!               Field 'browser' doesn't contain a valid alias configuration
ERR!               C:\Users\emeli\Desktop\storybook\node_modules\@storybook\addon-docs.web.js doesn't exist
ERR!             .js
ERR!               Field 'browser' doesn't contain a valid alias configuration
ERR!               C:\Users\emeli\node_modules\@storybook\addon-docs.web.js doesn't exist
ERR!             .js
ERR!               Field 'browser' doesn't contain a valid alias configuration
ERR!               C:\Users\emeli\Desktop\storybook\node_modules\@storybook\addon-docs.js doesn't exist
ERR!             .json
ERR!               Field 'browser' doesn't contain a valid alias configuration
ERR!               C:\Users\emeli\node_modules\@storybook\addon-docs.js doesn't exist
ERR!             .json
ERR!               Field 'browser' doesn't contain a valid alias configuration
ERR!               C:\Users\emeli\Desktop\storybook\node_modules\@storybook\addon-docs.json doesn't exist
ERR!             .web.jsx
ERR!               Field 'browser' doesn't contain a valid alias configuration
ERR!               C:\Users\emeli\node_modules\@storybook\addon-docs.json doesn't exist
ERR!             .web.jsx
ERR!               Field 'browser' doesn't contain a valid alias configuration
ERR!               C:\Users\emeli\Desktop\storybook\node_modules\@storybook\addon-docs.web.jsx doesn't exist
ERR!             .jsx
ERR!               Field 'browser' doesn't contain a valid alias configuration
ERR!               C:\Users\emeli\node_modules\@storybook\addon-docs.web.jsx doesn't exist
ERR!             .jsx
ERR!               Field 'browser' doesn't contain a valid alias configuration
ERR!               C:\Users\emeli\Desktop\storybook\node_modules\@storybook\addon-docs.jsx doesn't exist
ERR!               C:\Users\emeli\node_modules\@storybook\addon-docs.jsx doesn't exist
ERR!             as directory
ERR!               C:\Users\emeli\Desktop\storybook\node_modules\@storybook\addon-docs doesn't exist
ERR!             as directory
ERR!               C:\Users\emeli\node_modules\@storybook\addon-docs doesn't exist
ERR!       looking for modules in C:\Users\emeli\Desktop\storybook\node_modules\react-scripts\node_modules
ERR!         using description file: C:\Users\emeli\Desktop\storybook\node_modules\react-scripts\package.json (relative path: ./node_modules)
ERR!           Field 'browser' doesn't contain a valid alias configuration
ERR!           using description file: C:\Users\emeli\Desktop\storybook\node_modules\react-scripts\package.json (relative path: ./node_modules/@storybook/addon-docs)
ERR!             no extension
ERR!               Field 'browser' doesn't contain a valid alias configuration
ERR!               C:\Users\emeli\Desktop\storybook\node_modules\react-scripts\node_modules\@storybook\addon-docs doesn't exist
ERR!             .web.mjs
ERR!               Field 'browser' doesn't contain a valid alias configuration
ERR!               C:\Users\emeli\Desktop\storybook\node_modules\react-scripts\node_modules\@storybook\addon-docs.web.mjs doesn't exist
ERR!             .mjs
ERR!               Field 'browser' doesn't contain a valid alias configuration
ERR!               C:\Users\emeli\Desktop\storybook\node_modules\react-scripts\node_modules\@storybook\addon-docs.mjs doesn't exist
ERR!             .web.js
ERR!               Field 'browser' doesn't contain a valid alias configuration
ERR!               C:\Users\emeli\Desktop\storybook\node_modules\react-scripts\node_modules\@storybook\addon-docs.web.js doesn't exist
ERR!             .js
ERR!               Field 'browser' doesn't contain a valid alias configuration
ERR!               C:\Users\emeli\Desktop\storybook\node_modules\react-scripts\node_modules\@storybook\addon-docs.js doesn't exist
ERR!             .json
ERR!               Field 'browser' doesn't contain a valid alias configuration
ERR!               C:\Users\emeli\Desktop\storybook\node_modules\react-scripts\node_modules\@storybook\addon-docs.json doesn't exist
ERR!             .web.jsx
ERR!               Field 'browser' doesn't contain a valid alias configuration
ERR!               C:\Users\emeli\Desktop\storybook\node_modules\react-scripts\node_modules\@storybook\addon-docs.web.jsx doesn't exist
ERR!             .jsx
ERR!               Field 'browser' doesn't contain a valid alias configuration
ERR!               C:\Users\emeli\Desktop\storybook\node_modules\react-scripts\node_modules\@storybook\addon-docs.jsx doesn't exist
ERR!             as directory
ERR!               C:\Users\emeli\Desktop\storybook\node_modules\react-scripts\node_modules\@storybook\addon-docs doesn't exist
ERR!       C:\Users\emeli\Desktop\storybook\docs\src doesn't exist or is not a directory
ERR!       C:\Users\emeli\Desktop\src doesn't exist or is not a directory
ERR!       C:\Users\emeli\src doesn't exist or is not a directory
ERR!       C:\Users\src doesn't exist or is not a directory
ERR!       C:\src doesn't exist or is not a directory
ERR!       looking for modules in C:\Users\emeli\Desktop\storybook\src
ERR!         using description file: C:\Users\emeli\Desktop\storybook\package.json (relative path: ./src)
ERR!           Field 'browser' doesn't contain a valid alias configuration
ERR!           using description file: C:\Users\emeli\Desktop\storybook\package.json (relative path: ./src/@storybook/addon-docs)
ERR!             no extension
ERR!               Field 'browser' doesn't contain a valid alias configuration
ERR!               C:\Users\emeli\Desktop\storybook\src\@storybook\addon-docs doesn't exist
ERR!             .web.mjs
ERR!               Field 'browser' doesn't contain a valid alias configuration
ERR!               C:\Users\emeli\Desktop\storybook\src\@storybook\addon-docs.web.mjs doesn't exist
ERR!             .mjs
ERR!               Field 'browser' doesn't contain a valid alias configuration
ERR!               C:\Users\emeli\Desktop\storybook\src\@storybook\addon-docs.mjs doesn't exist
ERR!             .web.js
ERR!               Field 'browser' doesn't contain a valid alias configuration
ERR!               C:\Users\emeli\Desktop\storybook\src\@storybook\addon-docs.web.js doesn't exist
ERR!             .js
ERR!               Field 'browser' doesn't contain a valid alias configuration
ERR!               C:\Users\emeli\Desktop\storybook\src\@storybook\addon-docs.js doesn't exist
ERR!             .json
ERR!               Field 'browser' doesn't contain a valid alias configuration
ERR!               C:\Users\emeli\Desktop\storybook\src\@storybook\addon-docs.json doesn't exist
ERR!             .web.jsx
ERR!               Field 'browser' doesn't contain a valid alias configuration
ERR!               C:\Users\emeli\Desktop\storybook\src\@storybook\addon-docs.web.jsx doesn't exist
ERR!             .jsx
ERR!               Field 'browser' doesn't contain a valid alias configuration
ERR!               C:\Users\emeli\Desktop\storybook\src\@storybook\addon-docs.jsx doesn't exist
ERR!             as directory
ERR!               C:\Users\emeli\Desktop\storybook\src\@storybook\addon-docs doesn't exist
